<?xml version="1.0" encoding="UTF-8"?>
<!-- Generated by org.testng.reporters.JUnitReportReporter -->
<testsuite hostname="BICYCLE-OF-MIND" failures="0" tests="1" name="testCases.TC_002_LoginTest" time="1.062" errors="0" timestamp="2024-04-27T10:49:21 IST" skipped="0">
  <testcase classname="testCases.TC_002_LoginTest" name="verify_Login" time="1.062"/>
</testsuite> <!-- testCases.TC_002_LoginTest -->
