<?xml version="1.0" encoding="UTF-8"?>
<!-- Generated by org.testng.reporters.JUnitReportReporter -->
<testsuite hostname="BICYCLE-OF-MIND" failures="0" tests="1" name="testCases.TC_001_AccountRegistrationTest" time="1.691" errors="0" timestamp="2024-04-27T19:34:10 IST" skipped="0">
  <testcase classname="testCases.TC_001_AccountRegistrationTest" name="verify_account_registration" time="1.691"/>
</testsuite> <!-- testCases.TC_001_AccountRegistrationTest -->
